# JRE version: OpenJDK Runtime Environment Corretto-11.0.21.9.1 (11.0.21+9) (build 11.0.21+9-LTS)
# Java VM: OpenJDK 64-Bit Server VM Corretto-11.0.21.9.1 (11.0.21+9-LTS, mixed mode, tiered, compressed oops, g1 gc, windows-amd64)
Heap:
 garbage-first heap   total 65536K, used 6499K [0x00000000c1400000, 0x0000000100000000)
  region size 1024K, 4 young (4096K), 3 survivors (3072K)
 Metaspace       used 20899K, capacity 21306K, committed 21552K, reserved 1069056K
  class space    used 2287K, capacity 2430K, committed 2432K, reserved 1048576K
GC Heap History (10 events):
Event: 3.280 GC heap before
{Heap before GC invocations=0 (full 0):
 garbage-first heap   total 65536K, used 13312K [0x00000000c1400000, 0x0000000100000000)
  region size 1024K, 14 young (14336K), 0 survivors (0K)
 Metaspace       used 11754K, capacity 12075K, committed 12288K, reserved 1060864K
  class space    used 1091K, capacity 1174K, committed 1280K, reserved 1048576K
}
Event: 3.288 GC heap after
{Heap after GC invocations=1 (full 0):
 garbage-first heap   total 65536K, used 3315K [0x00000000c1400000, 0x0000000100000000)
  region size 1024K, 2 young (2048K), 2 survivors (2048K)
 Metaspace       used 11754K, capacity 12075K, committed 12288K, reserved 1060864K
  class space    used 1091K, capacity 1174K, committed 1280K, reserved 1048576K
}
Event: 3.728 GC heap before
{Heap before GC invocations=1 (full 0):
 garbage-first heap   total 65536K, used 12531K [0x00000000c1400000, 0x0000000100000000)
  region size 1024K, 11 young (11264K), 2 survivors (2048K)
 Metaspace       used 14037K, capacity 14390K, committed 14592K, reserved 1062912K
  class space    used 1403K, capacity 1520K, committed 1536K, reserved 1048576K
}
Event: 3.736 GC heap after
{Heap after GC invocations=2 (full 0):
 garbage-first heap   total 65536K, used 3809K [0x00000000c1400000, 0x0000000100000000)
  region size 1024K, 1 young (1024K), 1 survivors (1024K)
 Metaspace       used 14037K, capacity 14390K, committed 14592K, reserved 1062912K
  class space    used 1403K, capacity 1520K, committed 1536K, reserved 1048576K
}
Event: 4.420 GC heap before
{Heap before GC invocations=2 (full 0):
 garbage-first heap   total 65536K, used 27361K [0x00000000c1400000, 0x0000000100000000)
  region size 1024K, 25 young (25600K), 1 survivors (1024K)
 Metaspace       used 15757K, capacity 16092K, committed 16384K, reserved 1064960K
  class space    used 1611K, capacity 1719K, committed 1792K, reserved 1048576K
}
Event: 4.425 GC heap after
{Heap after GC invocations=3 (full 0):
 garbage-first heap   total 65536K, used 4508K [0x00000000c1400000, 0x0000000100000000)
  region size 1024K, 2 young (2048K), 2 survivors (2048K)
 Metaspace       used 15757K, capacity 16092K, committed 16384K, reserved 1064960K
  class space    used 1611K, capacity 1719K, committed 1792K, reserved 1048576K
}
Event: 5.728 GC heap before
{Heap before GC invocations=3 (full 0):
 garbage-first heap   total 65536K, used 34204K [0x00000000c1400000, 0x0000000100000000)
  region size 1024K, 31 young (31744K), 2 survivors (2048K)
 Metaspace       used 20471K, capacity 20858K, committed 21120K, reserved 1069056K
  class space    used 2219K, capacity 2366K, committed 2432K, reserved 1048576K
}
Event: 5.738 GC heap after
{Heap after GC invocations=4 (full 0):
 garbage-first heap   total 65536K, used 6348K [0x00000000c1400000, 0x0000000100000000)
  region size 1024K, 3 young (3072K), 3 survivors (3072K)
 Metaspace       used 20471K, capacity 20858K, committed 21120K, reserved 1069056K
  class space    used 2219K, capacity 2366K, committed 2432K, reserved 1048576K
}
Event: 5.823 GC heap before
{Heap before GC invocations=4 (full 0):
 garbage-first heap   total 65536K, used 8396K [0x00000000c1400000, 0x0000000100000000)
  region size 1024K, 6 young (6144K), 3 survivors (3072K)
 Metaspace       used 20848K, capacity 21242K, committed 21296K, reserved 1069056K
  class space    used 2277K, capacity 2430K, committed 2432K, reserved 1048576K
}
Event: 5.832 GC heap after
{Heap after GC invocations=5 (full 0):
 garbage-first heap   total 65536K, used 6499K [0x00000000c1400000, 0x0000000100000000)
  region size 1024K, 3 young (3072K), 3 survivors (3072K)
 Metaspace       used 20848K, capacity 21242K, committed 21296K, reserved 1069056K
  class space    used 2277K, capacity 2430K, committed 2432K, reserved 1048576K
}

